This is pdfTeX, Version 3.141592653-2.6-1.40.22 (TeX Live 2022/dev/Debian) (preloaded format=pdflatex 2023.12.13)  2 MAY 2025 21:30
entering extended mode
 restricted \write18 enabled.
 %&-line parsing enabled.
**pipeline.tex
(./pipeline.tex
LaTeX2e <2021-11-15> patch level 1
L3 programming layer <2022-01-21>
(/usr/share/texlive/texmf-dist/tex/latex/base/article.cls
Document Class: article 2021/10/04 v1.4n Standard LaTeX document class
(/usr/share/texlive/texmf-dist/tex/latex/base/size10.clo
File: size10.clo 2021/10/04 v1.4n Standard LaTeX file (size option)
)
\c@part=\count185
\c@section=\count186
\c@subsection=\count187
\c@subsubsection=\count188
\c@paragraph=\count189
\c@subparagraph=\count190
\c@figure=\count191
\c@table=\count192
\abovecaptionskip=\skip47
\belowcaptionskip=\skip48
\bibindent=\dimen138
)
(/usr/share/texlive/texmf-dist/tex/latex/listings/listings.sty
(/usr/share/texlive/texmf-dist/tex/latex/graphics/keyval.sty
Package: keyval 2014/10/28 v1.15 key=value parser (DPC)
\KV@toks@=\toks16
)
\lst@mode=\count193
\lst@gtempboxa=\box50
\lst@token=\toks17
\lst@length=\count194
\lst@currlwidth=\dimen139
\lst@column=\count195
\lst@pos=\count196
\lst@lostspace=\dimen140
\lst@width=\dimen141
\lst@newlines=\count197
\lst@lineno=\count198
\lst@maxwidth=\dimen142

(/usr/share/texlive/texmf-dist/tex/latex/listings/lstmisc.sty
File: lstmisc.sty 2020/03/24 1.8d (Carsten Heinz)
\c@lstnumber=\count199
\lst@skipnumbers=\count266
\lst@framebox=\box51
)
(/usr/share/texlive/texmf-dist/tex/latex/listings/listings.cfg
File: listings.cfg 2020/03/24 1.8d listings configuration
))
Package: listings 2020/03/24 1.8d (Carsten Heinz)

(/usr/share/texlive/texmf-dist/tex/latex/xcolor/xcolor.sty
Package: xcolor 2021/10/31 v2.13 LaTeX color extensions (UK)

(/usr/share/texlive/texmf-dist/tex/latex/graphics-cfg/color.cfg
File: color.cfg 2016/01/02 v1.6 sample color configuration
)
Package xcolor Info: Driver file: pdftex.def on input line 227.

(/usr/share/texlive/texmf-dist/tex/latex/graphics-def/pdftex.def
File: pdftex.def 2020/10/05 v1.2a Graphics/color driver for pdftex
)
Package xcolor Info: Model `cmy' substituted by `cmy0' on input line 1352.
Package xcolor Info: Model `hsb' substituted by `rgb' on input line 1356.
Package xcolor Info: Model `RGB' extended on input line 1368.
Package xcolor Info: Model `HTML' substituted by `rgb' on input line 1370.
Package xcolor Info: Model `Hsb' substituted by `hsb' on input line 1371.
Package xcolor Info: Model `tHsb' substituted by `hsb' on input line 1372.
Package xcolor Info: Model `HSB' substituted by `hsb' on input line 1373.
Package xcolor Info: Model `Gray' substituted by `gray' on input line 1374.
Package xcolor Info: Model `wave' substituted by `hsb' on input line 1375.
)
(/usr/share/texlive/texmf-dist/tex/latex/graphics/graphicx.sty
Package: graphicx 2021/09/16 v1.2d Enhanced LaTeX Graphics (DPC,SPQR)

(/usr/share/texlive/texmf-dist/tex/latex/graphics/graphics.sty
Package: graphics 2021/03/04 v1.4d Standard LaTeX Graphics (DPC,SPQR)

(/usr/share/texlive/texmf-dist/tex/latex/graphics/trig.sty
Package: trig 2021/08/11 v1.11 sin cos tan (DPC)
)
(/usr/share/texlive/texmf-dist/tex/latex/graphics-cfg/graphics.cfg
File: graphics.cfg 2016/06/04 v1.11 sample graphics configuration
)
Package graphics Info: Driver file: pdftex.def on input line 107.
)
\Gin@req@height=\dimen143
\Gin@req@width=\dimen144
)
(/usr/share/texlive/texmf-dist/tex/latex/geometry/geometry.sty
Package: geometry 2020/01/02 v5.9 Page Geometry

(/usr/share/texlive/texmf-dist/tex/generic/iftex/ifvtex.sty
Package: ifvtex 2019/10/25 v1.7 ifvtex legacy package. Use iftex instead.

(/usr/share/texlive/texmf-dist/tex/generic/iftex/iftex.sty
Package: iftex 2020/03/06 v1.0d TeX engine tests
))
\Gm@cnth=\count267
\Gm@cntv=\count268
\c@Gm@tempcnt=\count269
\Gm@bindingoffset=\dimen145
\Gm@wd@mp=\dimen146
\Gm@odd@mp=\dimen147
\Gm@even@mp=\dimen148
\Gm@layoutwidth=\dimen149
\Gm@layoutheight=\dimen150
\Gm@layouthoffset=\dimen151
\Gm@layoutvoffset=\dimen152
\Gm@dimlist=\toks18
)
(/usr/share/texlive/texmf-dist/tex/latex/listings/lstlang1.sty
File: lstlang1.sty 2020/03/24 1.8d listings language file
)
(/usr/share/texlive/texmf-dist/tex/latex/l3backend/l3backend-pdftex.def
File: l3backend-pdftex.def 2022-01-12 L3 backend support: PDF output (pdfTeX)
\l__color_backend_stack_int=\count270
\l__pdf_internal_box=\box52
)
(./pipeline.aux)
\openout1 = `pipeline.aux'.

LaTeX Font Info:    Checking defaults for OML/cmm/m/it on input line 31.
LaTeX Font Info:    ... okay on input line 31.
LaTeX Font Info:    Checking defaults for OMS/cmsy/m/n on input line 31.
LaTeX Font Info:    ... okay on input line 31.
LaTeX Font Info:    Checking defaults for OT1/cmr/m/n on input line 31.
LaTeX Font Info:    ... okay on input line 31.
LaTeX Font Info:    Checking defaults for T1/cmr/m/n on input line 31.
LaTeX Font Info:    ... okay on input line 31.
LaTeX Font Info:    Checking defaults for TS1/cmr/m/n on input line 31.
LaTeX Font Info:    ... okay on input line 31.
LaTeX Font Info:    Checking defaults for OMX/cmex/m/n on input line 31.
LaTeX Font Info:    ... okay on input line 31.
LaTeX Font Info:    Checking defaults for U/cmr/m/n on input line 31.
LaTeX Font Info:    ... okay on input line 31.
\c@lstlisting=\count271

(/usr/share/texlive/texmf-dist/tex/context/base/mkii/supp-pdf.mkii
[Loading MPS to PDF converter (version 2006.09.02).]
\scratchcounter=\count272
\scratchdimen=\dimen153
\scratchbox=\box53
\nofMPsegments=\count273
\nofMParguments=\count274
\everyMPshowfont=\toks19
\MPscratchCnt=\count275
\MPscratchDim=\dimen154
\MPnumerator=\count276
\makeMPintoPDFobject=\count277
\everyMPtoPDFconversion=\toks20
) (/usr/share/texlive/texmf-dist/tex/latex/epstopdf-pkg/epstopdf-base.sty
Package: epstopdf-base 2020-01-24 v2.11 Base part for package epstopdf
Package epstopdf-base Info: Redefining graphics rule for `.eps' on input line 4
85.

(/usr/share/texlive/texmf-dist/tex/latex/latexconfig/epstopdf-sys.cfg
File: epstopdf-sys.cfg 2010/07/13 v1.3 Configuration of (r)epstopdf for TeX Liv
e
))
*geometry* driver: auto-detecting
*geometry* detected driver: pdftex
*geometry* verbose mode - [ preamble ] result:
* driver: pdftex
* paper: <default>
* layout: <same size as paper>
* layoutoffset:(h,v)=(0.0pt,0.0pt)
* modes: 
* h-part:(L,W,R)=(56.9055pt, 500.484pt, 56.9055pt)
* v-part:(T,H,B)=(56.9055pt, 681.15898pt, 56.9055pt)
* \paperwidth=614.295pt
* \paperheight=794.96999pt
* \textwidth=500.484pt
* \textheight=681.15898pt
* \oddsidemargin=-15.36449pt
* \evensidemargin=-15.36449pt
* \topmargin=-52.36449pt
* \headheight=12.0pt
* \headsep=25.0pt
* \topskip=10.0pt
* \footskip=30.0pt
* \marginparwidth=65.0pt
* \marginparsep=11.0pt
* \columnsep=10.0pt
* \skip\footins=9.0pt plus 4.0pt minus 2.0pt
* \hoffset=0.0pt
* \voffset=0.0pt
* \mag=1000
* \@twocolumnfalse
* \@twosidefalse
* \@mparswitchfalse
* \@reversemarginfalse
* (1in=72.27pt=25.4mm, 1cm=28.453pt)

LaTeX Font Info:    External font `cmex10' loaded for size
(Font)              <12> on input line 37.
LaTeX Font Info:    External font `cmex10' loaded for size
(Font)              <8> on input line 37.
LaTeX Font Info:    External font `cmex10' loaded for size
(Font)              <6> on input line 37.
<./figures/calibration.png, id=1, 1296.845pt x 531.9875pt>
File: ./figures/calibration.png Graphic file (type png)
<use ./figures/calibration.png>
Package pdftex.def Info: ./figures/calibration.png  used on input line 43.
(pdftex.def)             Requested size: 500.484pt x 205.30693pt.
[1

{/var/lib/texmf/fonts/map/pdftex/updmap/pdftex.map} <./figures/calibration.png>
]
<./figures/a_utils.png, id=16, 1301.86375pt x 510.90875pt>
File: ./figures/a_utils.png Graphic file (type png)
<use ./figures/a_utils.png>
Package pdftex.def Info: ./figures/a_utils.png  used on input line 67.
(pdftex.def)             Requested size: 500.484pt x 196.40813pt.
 [2 <./figures/a_utils.png>]
<./figures/b_data_transform.png, id=22, 1300.86pt x 338.26375pt>
File: ./figures/b_data_transform.png Graphic file (type png)
<use ./figures/b_data_transform.png>
Package pdftex.def Info: ./figures/b_data_transform.png  used on input line 106
.
(pdftex.def)             Requested size: 500.484pt x 130.1416pt.
 [3 <./figures/b_data_transform.png>]
<./data/output/9_plots/2_PLPW/59_PL_B_h.png, id=27, 1300.86pt x 289.08pt>
File: ./data/output/9_plots/2_PLPW/59_PL_B_h.png Graphic file (type png)
<use ./data/output/9_plots/2_PLPW/59_PL_B_h.png>
Package pdftex.def Info: ./data/output/9_plots/2_PLPW/59_PL_B_h.png  used on in
put line 148.
(pdftex.def)             Requested size: 500.484pt x 111.21895pt.
<./data/output/9_plots/2_PLPW/59_PL_V_h.png, id=28, 1300.86pt x 289.08pt>
File: ./data/output/9_plots/2_PLPW/59_PL_V_h.png Graphic file (type png)
<use ./data/output/9_plots/2_PLPW/59_PL_V_h.png>
Package pdftex.def Info: ./data/output/9_plots/2_PLPW/59_PL_V_h.png  used on in
put line 149.
(pdftex.def)             Requested size: 500.484pt x 111.21895pt.
<./data/output/9_plots/2_PLPW/59_PL_I_h.png, id=29, 1300.86pt x 289.08pt>
File: ./data/output/9_plots/2_PLPW/59_PL_I_h.png Graphic file (type png)
<use ./data/output/9_plots/2_PLPW/59_PL_I_h.png>
Package pdftex.def Info: ./data/output/9_plots/2_PLPW/59_PL_I_h.png  used on in
put line 151.
(pdftex.def)             Requested size: 500.484pt x 111.21895pt.
<./data/output/9_plots/2_PLPW/59_PL_J_h.png, id=30, 1300.86pt x 289.08pt>
File: ./data/output/9_plots/2_PLPW/59_PL_J_h.png Graphic file (type png)
<use ./data/output/9_plots/2_PLPW/59_PL_J_h.png>
Package pdftex.def Info: ./data/output/9_plots/2_PLPW/59_PL_J_h.png  used on in
put line 152.
(pdftex.def)             Requested size: 500.484pt x 111.21895pt.
<./data/output/9_plots/2_PLPW/59_PL_H_h.png, id=31, 1300.86pt x 289.08pt>
File: ./data/output/9_plots/2_PLPW/59_PL_H_h.png Graphic file (type png)
<use ./data/output/9_plots/2_PLPW/59_PL_H_h.png>
Package pdftex.def Info: ./data/output/9_plots/2_PLPW/59_PL_H_h.png  used on in
put line 153.
(pdftex.def)             Requested size: 500.484pt x 111.21895pt.
<./data/output/9_plots/2_PLPW/59_PL_K_h.png, id=32, 1300.86pt x 289.08pt>
File: ./data/output/9_plots/2_PLPW/59_PL_K_h.png Graphic file (type png)
<use ./data/output/9_plots/2_PLPW/59_PL_K_h.png>
Package pdftex.def Info: ./data/output/9_plots/2_PLPW/59_PL_K_h.png  used on in
put line 154.
(pdftex.def)             Requested size: 500.484pt x 111.21895pt.


LaTeX Warning: Float too large for page by 10.93246pt on input line 155.


LaTeX Warning: `!h' float specifier changed to `!ht'.

<./figures/c_pl_pw.png, id=33, 1097.09875pt x 340.27126pt>
File: ./figures/c_pl_pw.png Graphic file (type png)
<use ./figures/c_pl_pw.png>
Package pdftex.def Info: ./figures/c_pl_pw.png  used on input line 163.
(pdftex.def)             Requested size: 500.484pt x 155.22345pt.

LaTeX Warning: `!h' float specifier changed to `!ht'.

[4]
<./figures/d_del_del.png.png, id=37, 1028.84375pt x 249.93375pt>
File: ./figures/d_del_del.png.png Graphic file (type png)
<use ./figures/d_del_del.png.png>
Package pdftex.def Info: ./figures/d_del_del.png.png  used on input line 221.
(pdftex.def)             Requested size: 500.484pt x 121.58383pt.


LaTeX Warning: `!h' float specifier changed to `!ht'.

[5]
<./figures/e_error_estimation.png, id=41, 1245.65375pt x 546.04pt>
File: ./figures/e_error_estimation.png Graphic file (type png)
<use ./figures/e_error_estimation.png>
Package pdftex.def Info: ./figures/e_error_estimation.png  used on input line 2
71.
(pdftex.def)             Requested size: 500.484pt x 219.38696pt.


LaTeX Warning: `!h' float specifier changed to `!ht'.


Overfull \hbox (5.81319pt too wide) in paragraph at lines 322--323
[]\OT1/cmr/m/n/10 'e[]error[]estimation.py' has four func-tions. a) red-den-ing
[]error() re-trieves in-put us-ing se-lect[]regression[]parameters()
 []

[6]
<./figures/f_star_wise.png, id=45, 1301.86375pt x 510.90875pt>
File: ./figures/f_star_wise.png Graphic file (type png)
<use ./figures/f_star_wise.png>
Package pdftex.def Info: ./figures/f_star_wise.png  used on input line 330.
(pdftex.def)             Requested size: 500.484pt x 196.40813pt.


LaTeX Warning: `!h' float specifier changed to `!ht'.

[7]
<./figures/g_result.png, id=50, 1301.86375pt x 510.90875pt>
File: ./figures/g_result.png Graphic file (type png)
<use ./figures/g_result.png>
Package pdftex.def Info: ./figures/g_result.png  used on input line 371.
(pdftex.def)             Requested size: 500.484pt x 196.40813pt.


LaTeX Warning: `!h' float specifier changed to `!ht'.


Overfull \hbox (29.92775pt too wide) in paragraph at lines 398--399
[][][][][][][][][][][][][][][][][][][][][][][][][][][][][][][][][][][][][][][][
][][][][][][]  
 []


Overfull \hbox (9.5273pt too wide) in paragraph at lines 426--429
[][][][][][][][][][][][][][][][][][][][][][][][][][][][][][][][][][][][][][][][
][][][][][][][][][][][][][][][][][][][][][][][][][][][][][][][][][][][][][][][]
[][][][][][][][][][][][] 
 []

[8] [9 <./data/output/9_plots/2_PLPW/59_PL_B_h.png> <./data/output/9_plots/2_PL
PW/59_PL_V_h.png> <./data/output/9_plots/2_PLPW/59_PL_I_h.png> <./data/output/9
_plots/2_PLPW/59_PL_J_h.png> <./data/output/9_plots/2_PLPW/59_PL_H_h.png> <./da
ta/output/9_plots/2_PLPW/59_PL_K_h.png>] [10 <./figures/c_pl_pw.png> <./figures
/d_del_del.png.png> <./figures/e_error_estimation.png>] [11 <./figures/f_star_w
ise.png> <./figures/g_result.png>] (./pipeline.aux) ) 
Here is how much of TeX's memory you used:
 4407 strings out of 478287
 64656 string characters out of 5849288
 700827 words of memory out of 5000000
 22588 multiletter control sequences out of 15000+600000
 474187 words of font info for 45 fonts, out of 8000000 for 9000
 1141 hyphenation exceptions out of 8191
 55i,6n,62p,467b,1299s stack positions out of 5000i,500n,10000p,200000b,80000s
</usr/share/texlive/texmf-
dist/fonts/type1/public/amsfonts/cm/cmbx12.pfb></usr/share/texlive/texmf-dist/f
onts/type1/public/amsfonts/cm/cmr10.pfb></usr/share/texlive/texmf-dist/fonts/ty
pe1/public/amsfonts/cm/cmr12.pfb></usr/share/texlive/texmf-dist/fonts/type1/pub
lic/amsfonts/cm/cmr17.pfb></usr/share/texlive/texmf-dist/fonts/type1/public/ams
fonts/cm/cmr5.pfb></usr/share/texlive/texmf-dist/fonts/type1/public/amsfonts/cm
/cmr9.pfb></usr/share/texlive/texmf-dist/fonts/type1/public/amsfonts/cm/cmti10.
pfb></usr/share/texlive/texmf-dist/fonts/type1/public/amsfonts/cm/cmtt8.pfb>
Output written on pipeline.pdf (11 pages, 609391 bytes).
PDF statistics:
 109 PDF objects out of 1000 (max. 8388607)
 51 compressed objects within 1 object stream
 0 named destinations out of 1000 (max. 500000)
 71 words of extra memory for PDF output out of 10000 (max. 10000000)

